Z01=RC(H,H,H)
Z02=DC6(H)
Z03=RC(H,H)
Z04=C6(X1)RDC6(H)DC6(H)DC6(H)DC6(H)DC6(DX1,H)
Z05=RC(H)
Z06=RC3TC3(H)
Z07=RC(B1,B1)
Z08=RC(B1,B1,B1)
 
HOZ03RC3TC3Z08


MOLECULE NR   1

NUMBER OF ATOMS = 11    OUTPUT INDEX = 2


HORC(H,H)RC3TC3RC(B1,B1,B1)


  TORSION ANGLES:  180.00  180.00     .00
  VANDERWAALS RADII (*100) AND COORDINATES


    1   100      .00      .00      .00
    2   135     -.99      .00      .00
    3   150    -1.48      .95      .95
    4   100    -1.12      .68     1.95
    5   100    -1.12     1.95      .68
    6   160    -2.95      .94      .94
    7   160    -4.15      .93      .93
    8   150    -5.62      .92      .92
    9   195    -6.28     2.19     2.19
   10   195    -6.25     1.38     -.82
   11   195    -6.25     -.82     1.38
    1A =  47.8 MM

X                                                                                                                               
                                                                                                                                
                                                                                                                                
                                                                                                 H                              
                                                                                                                                
                                                                                                                                
                                                                                                                                
                                                                                                                                
                                                                                                                                
 X                                                                                                                              
                                                                                                                                
                                                                                                                                
                                                                                                                                
                                                                                                                                
            C                           C                      C                          C                                     
                                                                                                                                
                                                                                                                                
                                                                                                 H                              
                                                                                                                                
                                                                                                                                
                                                                                                                                
                                                                                                                                
                                                                                                                                
                                                                                                                                
                                                                                                                                
                                                                                                   O                  H         
                                                                                                                                
                                                                                                                                
                                                                                                                                
                                                                                                                                
                                                                                                                                
                                                                                                                                
                                                                                                                                
                                                                                                                                
 X                                                                                                                              
                                                                                                                                
                                                                                                                                
                                                                                                                                
                                                                                                                                
                                                                                                                                
                                                                                                                                
                                                                                                                                
                                                                                                                                
                                                                                                                                
                                                                                                                                
                                                                                                                                
                                                                                                                                
                                                                                                                                
                                                                                                                                
                                                                                                                                
                                                                                                                                
                                                                                                                                
                                                                                                                                
                                                                                                                                
                                                                                                                                
                                                                                                                                
                                                                                                                                
                                                                                                                                
                                                                                                                                
    1A =  81.7 MM

                                                                                                 X                              
                                                                                                                                
                                                                                                                                
                                                                                                                                
                                                                                                                                
                                                H                                                                               
                                                                                                                                
                                                                                                                                
                                                                                                                                
                                                                                                                                
                                                                                                                                
                                                                                                                                
                                                                                                                                
                                                                                                                                
                                                                                                                                
                                                                                                                                
X                                                                                                                               
                                                                                                                                
                                                                                                                                
                                                                                                                                
                                                                                                                                
                                                                                                                                
                                                                                                                                
                                                                                                                                
                                                        CC                                                                      
                                                                                                                                
                                                                                                                                
                                                                                                                                
                                                                                                                                
                                                                                         H                                      
                                                                                                                                
                                                                                                                                
                                                                                                                                
                                                                                                                                
                                                                                                                                
                                                                                                                                
                                                                                                                                
                                                                                                                                
                                                                                                                                
                                                                                                                                
                                                                                                                                
                                                                                                                                
                          O                                                                                                     
                                                                                                                                
                                                                                                                                
                                                                                                                                
                                                                                                                                
                                                                                                                                
                                                                                                                                
                                                                                                                                
                                                                                                                                
                                                                                                                                
                                                                                                                                
                                                                                                                                
                                                                                                                                
                                                                                                                                
                                                                                                                                
                                                                                                                                
                                                                       X                                                        






 STERIC PARAMETERS:   L=  8.63

 B(1) - B(4):      1.56     5.05     3.51     3.51   B(5):     5.05



   ATOMS ORDERED BY INCREASING X COORDINATES



    1     9   195    -6.28     2.19     2.19
    2    10   195    -6.25     1.38     -.82
    3    11   195    -6.25     -.82     1.38
    4     8   150    -5.62      .92      .92
    5     7   160    -4.15      .93      .93
    6     6   160    -2.95      .94      .94
    7     3   150    -1.48      .95      .95
    8     4   100    -1.12      .68     1.95
    9     5   100    -1.12     1.95      .68
   10     2   135     -.99      .00      .00
   11     1   100      .00      .00      .00
 
